code-creation,Stub,2,0x4d20a000,213,"JSEntryStub"
code-creation,Stub,2,0x4d20a0e0,213,"JSConstructEntryStub"
code-creation,Stub,2,0x4d20a1c0,557,"CEntryStub"
code-creation,Stub,2,0x4d20a400,97,"StoreBufferOverflowStub"
code-creation,Stub,2,0x4d20a480,197,"StoreBufferOverflowStub"
code-creation,Stub,2,0x4d20a560,1420,"RecordWriteStub"
code-creation,Stub,2,0x4d20ab00,1433,"RecordWriteStub"
code-creation,Stub,2,0x4d20b0a0,611,"RecordWriteStub"
code-creation,Stub,2,0x4d20b320,611,"RecordWriteStub"
code-creation,Stub,2,0x4d20b5a0,1433,"RecordWriteStub"
code-creation,Stub,2,0x4d20bb40,1433,"RecordWriteStub"
code-creation,Stub,2,0x4d20c0e0,1453,"RecordWriteStub"
code-creation,Stub,2,0x4d20c6a0,1461,"RecordWriteStub"
code-creation,Stub,2,0x4d20cc60,1433,"RecordWriteStub"
code-creation,Stub,2,0x4d20d200,1433,"RecordWriteStub"
code-creation,Stub,2,0x4d20d7a0,611,"RecordWriteStub"
code-creation,Stub,2,0x4d20da20,1437,"RecordWriteStub"
code-creation,Stub,2,0x4d20dfc0,1428,"RecordWriteStub"
code-creation,Stub,2,0x4d20e560,1448,"RecordWriteStub"
code-creation,Stub,2,0x4d20eb20,1453,"RecordWriteStub"
code-creation,Builtin,4,0x4d20f0e0,77,"Illegal"
code-creation,Builtin,4,0x4d20f140,77,"EmptyFunction"
code-creation,Builtin,4,0x4d20f1a0,77,"InternalArrayCodeGeneric"
code-creation,Builtin,4,0x4d20f200,77,"ArrayCodeGeneric"
code-creation,Builtin,4,0x4d20f260,77,"ArrayPush"
code-creation,Builtin,4,0x4d20f2c0,77,"ArrayPop"
code-creation,Builtin,4,0x4d20f320,77,"ArrayShift"
code-creation,Builtin,4,0x4d20f380,77,"ArrayUnshift"
code-creation,Builtin,4,0x4d20f3e0,77,"ArraySlice"
code-creation,Builtin,4,0x4d20f440,77,"ArraySplice"
code-creation,Builtin,4,0x4d20f4a0,77,"ArrayConcat"
code-creation,Builtin,4,0x4d20f500,80,"HandleApiCall"
code-creation,Builtin,4,0x4d20f560,80,"HandleApiCallConstruct"
code-creation,Builtin,4,0x4d20f5c0,77,"HandleApiCallAsFunction"
code-creation,Builtin,4,0x4d20f620,77,"HandleApiCallAsConstructor"
code-creation,Builtin,4,0x4d20f680,77,"StrictModePoisonPill"
code-creation,Builtin,4,0x4d20f6e0,174,"ArgumentsAdaptorTrampoline"
code-creation,Builtin,4,0x4d20f7a0,75,"InRecompileQueue"
code-creation,Builtin,4,0x4d20f800,491,"JSConstructStubCountdown"
code-creation,Builtin,4,0x4d20fa00,432,"JSConstructStubGeneric"
code-creation,Builtin,4,0x4d20fbc0,406,"JSConstructStubApi"
code-creation,Builtin,4,0x4d20fd60,157,"JSEntryTrampoline"
code-creation,Stub,2,0x4d20fe00,148,"CallConstructStub"
code-creation,Builtin,4,0x4d20fea0,126,"JSConstructEntryTrampoline"
code-creation,Builtin,4,0x4d20ff20,101,"LazyCompile"
code-creation,Builtin,4,0x4d20ffa0,101,"LazyRecompile"
code-creation,Builtin,4,0x4d210020,107,"ParallelRecompile"
code-creation,Builtin,4,0x4d2100a0,143,"NotifyDeoptimized"
code-creation,Builtin,4,0x4d210140,143,"NotifyLazyDeoptimized"
code-creation,Builtin,4,0x4d2101e0,94,"NotifyICMiss"
code-creation,Builtin,4,0x4d210240,91,"NotifyOSR"
code-creation,Builtin,4,0x4d2102a0,83,"LoadIC_Miss"
code-creation,Builtin,4,0x4d210300,83,"KeyedLoadIC_Miss"
code-creation,Builtin,4,0x4d210360,83,"KeyedLoadIC_MissForceGeneric"
code-creation,Builtin,4,0x4d2103c0,83,"KeyedLoadIC_Slow"
code-creation,Builtin,4,0x4d210420,84,"StoreIC_Miss"
code-creation,Builtin,4,0x4d210480,84,"KeyedStoreIC_Miss"
code-creation,Builtin,4,0x4d2104e0,84,"KeyedStoreIC_MissForceGeneric"
code-creation,Builtin,4,0x4d210540,84,"KeyedStoreIC_Slow"
code-creation,Builtin,5,0x4d2105a0,83,"LoadIC_Initialize"
code-creation,Builtin,5,0x4d210600,83,"LoadIC_PreMonomorphic"
code-creation,Stub,2,0x4d210660,740,"StringDictionaryLookupStub"
code-creation,Builtin,5,0x4d210960,313,"LoadIC_Normal"
code-creation,Builtin,5,0x4d210aa0,95,"LoadIC_ArrayLength"
code-creation,Builtin,5,0x4d210b00,97,"LoadIC_StringLength"
code-creation,Builtin,5,0x4d210b80,139,"LoadIC_StringWrapperLength"
code-creation,Builtin,5,0x4d210c20,145,"LoadIC_FunctionPrototype"
code-creation,Builtin,5,0x4d210cc0,266,"LoadIC_Megamorphic"
code-creation,Builtin,5,0x4d210de0,80,"LoadIC_Getter_ForDeopt"
code-creation,Builtin,6,0x4d210e40,83,"KeyedLoadIC_Initialize"
code-creation,Builtin,6,0x4d210ea0,83,"KeyedLoadIC_PreMonomorphic"
code-creation,Stub,2,0x4d210f00,740,"StringDictionaryLookupStub"
code-creation,Builtin,6,0x4d211200,890,"KeyedLoadIC_Generic"
code-creation,Builtin,6,0x4d211580,499,"KeyedLoadIC_String"
code-creation,Builtin,6,0x4d211780,144,"KeyedLoadIC_IndexedInterceptor"
code-creation,Builtin,6,0x4d211820,216,"KeyedLoadIC_NonStrictArguments"
code-creation,Builtin,9,0x4d211900,84,"StoreIC_Initialize"
code-creation,Builtin,9,0x4d211960,165,"StoreIC_ArrayLength"
code-creation,Stub,2,0x4d211a20,740,"StringDictionaryLookupStub"
code-creation,Builtin,9,0x4d211d20,365,"StoreIC_Normal"
code-creation,Builtin,9,0x4d211ea0,293,"StoreIC_Megamorphic"
code-creation,Builtin,9,0x4d211fe0,88,"StoreIC_GlobalProxy"
code-creation,Builtin,9,0x4d212040,84,"StoreIC_Initialize_Strict"
code-creation,Builtin,9,0x4d2120a0,165,"StoreIC_ArrayLength_Strict"
code-creation,Builtin,9,0x4d212160,365,"StoreIC_Normal_Strict"
code-creation,Builtin,9,0x4d2122e0,293,"StoreIC_Megamorphic_Strict"
code-creation,Builtin,9,0x4d212420,88,"StoreIC_GlobalProxy_Strict"
code-creation,Builtin,9,0x4d212480,82,"StoreIC_Setter_ForDeopt"
code-creation,Builtin,10,0x4d2124e0,84,"KeyedStoreIC_Initialize"
code-creation,Builtin,10,0x4d212540,1930,"KeyedStoreIC_Generic"
code-creation,Builtin,10,0x4d212ce0,84,"KeyedStoreIC_Initialize_Strict"
code-creation,Builtin,10,0x4d212d40,1930,"KeyedStoreIC_Generic_Strict"
code-creation,Stub,2,0x4d2134e0,1425,"RecordWriteStub"
code-creation,Builtin,10,0x4d213a80,286,"KeyedStoreIC_NonStrictArguments"
code-creation,Builtin,4,0x4d213ba0,320,"TransitionElementsSmiToDouble"
code-creation,Builtin,4,0x4d213ce0,415,"TransitionElementsDoubleToObject"
code-creation,Builtin,4,0x4d213e80,376,"FunctionCall"
code-creation,Builtin,4,0x4d214000,388,"FunctionApply"
code-creation,Stub,2,0x4d2141a0,613,"RecordWriteStub"
code-creation,Builtin,4,0x4d214420,605,"InternalArrayCode"
code-creation,Builtin,4,0x4d214680,605,"ArrayCode"
code-creation,Builtin,4,0x4d2148e0,608,"ArrayConstructCode"
code-creation,Builtin,4,0x4d214b40,358,"StringConstructCode"
code-creation,Stub,2,0x4d214cc0,76,"StackCheckStub"
code-creation,Builtin,4,0x4d214d20,538,"OnStackReplacement"
code-creation,Builtin,4,0x4d214f40,101,"MakeQuadragenarianCodeYoungAgainOddMarking"
code-creation,Builtin,4,0x4d214fc0,101,"MakeQuadragenarianCodeYoungAgainEvenMarking"
code-creation,Builtin,4,0x4d215040,101,"MakeQuinquagenarianCodeYoungAgainOddMarking"
code-creation,Builtin,4,0x4d2150c0,101,"MakeQuinquagenarianCodeYoungAgainEvenMarking"
code-creation,Builtin,4,0x4d215140,101,"MakeSexagenarianCodeYoungAgainOddMarking"
code-creation,Builtin,4,0x4d2151c0,101,"MakeSexagenarianCodeYoungAgainEvenMarking"
code-creation,Builtin,4,0x4d215240,101,"MakeSeptuagenarianCodeYoungAgainOddMarking"
code-creation,Builtin,4,0x4d2152c0,101,"MakeSeptuagenarianCodeYoungAgainEvenMarking"
code-creation,Builtin,4,0x4d215340,101,"MakeOctogenarianCodeYoungAgainOddMarking"
code-creation,Builtin,4,0x4d2153c0,101,"MakeOctogenarianCodeYoungAgainEvenMarking"
code-creation,Builtin,4,0x4d215440,107,"Return_DebugBreak"
code-creation,Builtin,4,0x4d2154c0,104,"CallFunctionStub_DebugBreak"
code-creation,Builtin,4,0x4d215540,106,"CallFunctionStub_Recording_DebugBreak"
code-creation,Builtin,4,0x4d2155c0,110,"CallConstructStub_DebugBreak"
code-creation,Builtin,4,0x4d215640,112,"CallConstructStub_Recording_DebugBreak"
code-creation,Builtin,5,0x4d2156c0,106,"LoadIC_DebugBreak"
code-creation,Builtin,6,0x4d215740,106,"KeyedLoadIC_DebugBreak"
code-creation,Builtin,9,0x4d2157c0,108,"StoreIC_DebugBreak"
code-creation,Builtin,10,0x4d215840,108,"KeyedStoreIC_DebugBreak"
code-creation,Builtin,4,0x4d2158c0,105,"Slot_DebugBreak"
code-creation,Builtin,4,0x4d215940,65,"PlainReturn_LiveEdit"
code-creation,Builtin,4,0x4d2159a0,93,"FrameDropper_LiveEdit"
code-creation,Stub,2,0x4d215a00,183,"CallConstructStub_Recording"
code-creation,Stub,2,0x4d215ac0,76,"InterruptStub"
code-creation,Script,0,0x4d215b20,612,"native runtime.js",0x34a0b89c,
code-creation,CallInitialize,7,0x4d215da0,178,"args_count: 1"
code-creation,CallInitialize,7,0x4d215e60,178,"args_count: 2"
code-creation,LazyCompile,0,0x4d215f20,1668,"EQUALS native runtime.js:54",0x34a0a468,
code-creation,LazyCompile,0,0x4d2165c0,376,"STRICT_EQUALS native runtime.js:100",0x34a0a4d0,
code-creation,Stub,2,0x4d216740,217,"StringCompareStub"
code-creation,Stub,13,0x4d216820,104,"CompareICStub"
code-creation,LazyCompile,0,0x4d2168a0,924,"COMPARE native runtime.js:120",0x34a0a538,
code-creation,Stub,2,0x4d216c40,1290,"StringAddStub"
code-creation,LazyCompile,0,0x4d217160,596,"ADD native runtime.js:163",0x34a0a5a0,
code-creation,LazyCompile,0,0x4d2173c0,296,"SUB native runtime.js:214",0x34a0a6d8,
code-creation,LazyCompile,0,0x4d217500,296,"MUL native runtime.js:222",0x34a0a740,
code-creation,LazyCompile,0,0x4d217640,296,"DIV native runtime.js:230",0x34a0a7a8,
code-creation,LazyCompile,0,0x4d217780,296,"MOD native runtime.js:238",0x34a0a810,
code-creation,LazyCompile,0,0x4d2178c0,296,"BIT_OR native runtime.js:252",0x34a0a878,
code-creation,LazyCompile,0,0x4d217a00,384,"BIT_AND native runtime.js:260",0x34a0a8e0,
code-creation,LazyCompile,0,0x4d217b80,296,"BIT_XOR native runtime.js:282",0x34a0a948,
code-creation,LazyCompile,0,0x4d217cc0,244,"UNARY_MINUS native runtime.js:290",0x34a0a9b0,
code-creation,LazyCompile,0,0x4d217dc0,244,"BIT_NOT native runtime.js:297",0x34a0aa18,
code-creation,LazyCompile,0,0x4d217ec0,296,"SHL native runtime.js:304",0x34a0aa80,
code-creation,LazyCompile,0,0x4d218000,384,"SAR native runtime.js:312",0x34a0aae8,
code-creation,LazyCompile,0,0x4d218180,296,"SHR native runtime.js:334",0x34a0ab50,
code-creation,LazyCompile,0,0x4d2182c0,228,"DELETE native runtime.js:348",0x34a0abb8,
code-creation,Stub,2,0x4d2183c0,379,"FastCloneShallowArrayStub"
code-creation,Stub,2,0x4d218540,234,"StoreArrayLiteralElementStub"
code-creation,LazyCompile,0,0x4d218640,376,"IN native runtime.js:354",0x34a0ac20,
code-creation,Stub,13,0x4d2187c0,104,"CompareICStub"
code-creation,Stub,2,0x4d218840,367,"FastCloneShallowArrayStub"
code-creation,Stub,14,0x4d2189c0,85,"ToBooleanStub_None"
code-creation,LazyCompile,0,0x4d218a20,636,"INSTANCE_OF native runtime.js:367",0x34a0ac88,
code-creation,LazyCompile,0,0x4d218ca0,236,"FILTER_KEY native runtime.js:398",0x34a0acf0,
code-creation,Stub,2,0x4d218da0,353,"ArgumentsAccessStub_NewNonStrictFast"
code-creation,LazyCompile,0,0x4d218f20,376,"CALL_NON_FUNCTION native runtime.js:405",0x34a0ad58,
code-creation,LazyCompile,0,0x4d2190a0,376,"CALL_NON_FUNCTION_AS_CONSTRUCTOR native runtime.js:414",0x34a0adc0,
code-creation,Stub,12,0x4d219220,88,"BinaryOpStub_SUB_Alloc_Uninitialized+Uninitialized"
code-creation,Stub,2,0x4d219280,130,"ArgumentsAccessStub_ReadElement"
code-creation,LazyCompile,0,0x4d219320,288,"CALL_FUNCTION_PROXY native runtime.js:423",0x34a0ae28,
code-creation,LazyCompile,0,0x4d219440,260,"CALL_FUNCTION_PROXY_AS_CONSTRUCTOR native runtime.js:431",0x34a0ae90,
code-creation,LazyCompile,0,0x4d219560,188,"TO_OBJECT native runtime.js:482",0x34a0afc8,
code-creation,LazyCompile,0,0x4d219620,188,"TO_NUMBER native runtime.js:488",0x34a0b030,
code-creation,LazyCompile,0,0x4d2196e0,188,"TO_STRING native runtime.js:494",0x34a0b098,
code-creation,Stub,2,0x4d2197a0,196,"NumberToStringStub"
code-creation,LazyCompile,0,0x4d219880,572,"STRING_ADD_LEFT native runtime.js:183",0x34a0a608,
code-creation,LazyCompile,0,0x4d219ac0,580,"STRING_ADD_RIGHT native runtime.js:198",0x34a0a670,
code-creation,Stub,13,0x4d219d20,104,"CompareICStub"
code-creation,Stub,13,0x4d219da0,104,"CompareICStub"
code-creation,Stub,13,0x4d219e20,104,"CompareICStub"
code-creation,Stub,2,0x4d219ea0,325,"FastCloneShallowArrayStub"
code-creation,LazyCompile,0,0x4d21a000,964,"APPLY_PREPARE native runtime.js:438",0x34a0aef8,
code-creation,LazyCompile,0,0x4d21a3e0,220,"APPLY_OVERFLOW native runtime.js:476",0x34a0af60,
code-creation,CallInitialize,7,0x4d21a4c0,180,"args_count: 0"
code-creation,CallInitialize,7,0x4d21a580,180,"args_count: 12"
code-creation,CallInitialize,7,0x4d21a640,189,"args_count: 38"
code-creation,CallInitialize,7,0x4d21a700,180,"args_count: 3"
code-creation,Script,0,0x4d21a7c0,1620,"native v8natives.js",0x34a0f364,
code-creation,CallPreMonomorphic,7,0x4d21ae20,180,"args_count: 0"
code-creation,CallInitialize,7,0x4d21aee0,180,"args_count: 10"
code-creation,LazyCompile,0,0x4d21afa0,452,"SetUpGlobal native v8natives.js:187",0x34a0ccf8,
code-creation,CallPreMonomorphic,7,0x4d21b180,180,"args_count: 10"
code-creation,CallPreMonomorphic,7,0x4d21b240,180,"args_count: 3"
code-creation,Stub,12,0x4d21b300,88,"BinaryOpStub_SAR_Alloc_Uninitialized+Uninitialized"
code-creation,Stub,12,0x4d21b360,88,"BinaryOpStub_ADD_Alloc_Uninitialized+Uninitialized"
code-creation,LazyCompile,0,0x4d21b3c0,564,"InstallFunctions native v8natives.js:48",0x34a0c9b8,
code-creation,Stub,13,0x4d21b600,122,"CompareICStub"
code-creation,Stub,12,0x4d21b680,122,"BinaryOpStub_SAR_Alloc_SMI+SMI"
code-creation,Stub,13,0x4d21b700,122,"CompareICStub"
code-creation,Stub,2,0x4d21b780,717,"CEntryStub"
code-creation,Stub,3,0x4d21ba60,140,"KeyedLoadElementStub"
code-creation,KeyedLoadIC,6,0x4d21bb00,91,""
code-creation,KeyedLoadIC,6,0x4d21bb00,91,"args_count: 0"
code-creation,Stub,12,0x4d21bb60,117,"BinaryOpStub_ADD_Alloc_SMI+SMI"
code-creation,CallInitialize,7,0x4d21bbe0,180,"args_count: 1"
code-creation,LazyCompile,0,0x4d21bca0,292," native v8natives.js:215",0x34a0ea30,
code-creation,LazyCompile,0,0x4d21bca0,292," native v8natives.js:215",0x34a0ea30,
code-creation,CallPreMonomorphic,7,0x4d21bde0,180,"args_count: 1"
code-creation,LazyCompile,0,0x4d21bea0,440,"ToBoolean native runtime.js:517",0x34a0b168,
code-creation,StoreIC,9,0x4d21c060,143,"constructor"
code-creation,StoreIC,9,0x4d21c060,143,"constructor"
code-creation,CallPreMonomorphic,7,0x4d21c100,180,"args_count: 12"
code-creation,CallPreMonomorphic,7,0x4d21c1c0,189,"args_count: 38"
code-creation,Stub,12,0x4d21c280,88,"BinaryOpStub_ADD_OverwriteLeft_Uninitialized+Uninitialized"
code-creation,Stub,2,0x4d21c2e0,98,"ToNumberStub"
code-creation,LazyCompile,0,0x4d21c360,816,"SetUpLockedPrototype native v8natives.js:77",0x34a0ca88,
code-creation,Stub,14,0x4d21c6a0,116,"ToBooleanStub_SpecObject"
code-creation,Stub,12,0x4d21c720,117,"BinaryOpStub_ADD_OverwriteLeft_SMI+SMI"
code-creation,Stub,2,0x4d21c7a0,173,"FastCloneShallowObjectStub"
code-creation,LazyCompile,0,0x4d21c860,368," native v8natives.js:1300",0x34a0f250,
code-creation,LazyCompile,0,0x4d21c860,368," native v8natives.js:1300",0x34a0f250,
code-creation,CallInitialize,7,0x4d21c9e0,180,"args_count: 20"
code-creation,CallInitialize,7,0x4d21caa0,180,"args_count: 28"
code-creation,LazyCompile,0,0x4d21cb60,740,"SetUpObject native v8natives.js:1315",0x34a0e078,
code-creation,CallPreMonomorphic,7,0x4d21ce60,180,"args_count: 20"
code-creation,CallPreMonomorphic,7,0x4d21cf20,180,"args_count: 28"
code-creation,CallInitialize,7,0x4d21cfe0,180,"args_count: 4"
code-creation,LazyCompile,0,0x4d21d0a0,272,"SetUpBoolean native v8natives.js:1380",0x34a0e1b0,
code-creation,CallPreMonomorphic,7,0x4d21d1c0,180,"args_count: 4"
code-creation,LazyCompile,0,0x4d21d280,336," native v8natives.js:1395",0x34a0f2b8,
code-creation,LazyCompile,0,0x4d21d280,336," native v8natives.js:1395",0x34a0f2b8,
code-creation,Stub,13,0x4d21d3e0,116,"CompareICStub"
code-creation,LazyCompile,0,0x4d21d460,464,"ToNumber native runtime.js:527",0x34a0b1d0,
code-creation,LazyCompile,0,0x4d21d640,816,"SetUpNumber native v8natives.js:1540",0x34a0e558,
code-creation,CallInitialize,7,0x4d21d980,180,"args_count: 2"
code-creation,LazyCompile,0,0x4d21da40,944,"NewFunction native v8natives.js:1691",0x34a0e6f8,
code-creation,LazyCompile,0,0x4d21da40,944,"NewFunction native v8natives.js:1691",0x34a0e6f8,
code-creation,LazyCompile,0,0x4d21de00,272,"SetUpFunction native v8natives.js:1719",0x34a0e760,
code-creation,Script,0,0x4d21df20,268,"native array.js",0x34a11558,
code-creation,Stub,2,0x4d21e040,160,"FastNewContextStub"
code-creation,Stub,2,0x4d21e0e0,304,"FastNewClosureStub"
code-creation,Stub,2,0x4d21e220,243,"CallFunctionStub_Args2_Recording"
code-creation,Stub,2,0x4d21e320,243,"CallFunctionStub_Args3_Recording"
code-creation,CallInitialize,7,0x4d21e420,189,"args_count: 42"
code-creation,LazyCompile,0,0x4d21e4e0,1984,"SetUpArray native array.js:1498",0x34a1138c,
code-creation,CallPreMonomorphic,7,0x4d21eca0,180,"args_count: 2"
code-creation,LazyCompile,0,0x4d21ed60,292,"SetUpArray.b native array.js:1511",0x34a11c4c,
code-creation,CallPreMonomorphic,7,0x4d21eea0,178,"args_count: 1"
code-creation,LazyCompile,0,0x4d21ef60,460,"hasOwnProperty native v8natives.js:259",0x34a0ce98,
code-creation,Stub,14,0x4d21f140,111,"ToBooleanStub_Bool"
code-creation,CallMiss,7,0x4d21f1c0,178,"args_count: 1"
code-creation,CallIC,7,0x4d21f280,126,"hasOwnProperty"
code-creation,KeyedLoadIC,6,0x4d21f300,109,"push"
code-creation,KeyedLoadIC,6,0x4d21f300,109,"push"
code-creation,KeyedLoadIC,6,0x4d21f380,109,"concat"
code-creation,KeyedLoadIC,6,0x4d21f380,109,"concat"
code-creation,CallPreMonomorphic,7,0x4d21f400,189,"args_count: 42"
code-creation,Stub,2,0x4d21f4c0,163,"FastCloneShallowArrayStub"
code-creation,CallInitialize,7,0x4d21f580,180,"args_count: 6"
code-creation,Script,0,0x4d21f640,688,"native string.js",0x34a139e4,
code-creation,LazyCompile,0,0x4d21f900,380," native string.js:36",0x34a137f8,
code-creation,LazyCompile,0,0x4d21f900,380," native string.js:36",0x34a137f8,
code-creation,CallPreMonomorphic,7,0x4d21fa80,180,"args_count: 6"
code-creation,CallInitialize,7,0x4d21fb40,189,"args_count: 70"
code-creation,LazyCompile,0,0x4d21fc00,1032,"SetUpString native string.js:958",0x34a13608,
code-creation,CallPreMonomorphic,7,0x4d220020,189,"args_count: 70"
code-creation,Script,0,0x4d2200e0,264,"native uri.js",0x34a14bac,
code-creation,LazyCompile,0,0x4d220200,336,"SetUpUri native uri.js:438",0x34a14a68,
code-creation,Script,0,0x4d220360,472,"native math.js",0x34a15888,
code-creation,LazyCompile,0,0x4d220540,164,"MathConstructor native math.js:37",0x34a14f6c,
code-creation,CallInitialize,7,0x4d220600,189,"args_count: 36"
code-creation,LazyCompile,0,0x4d2206c0,952,"SetUpMath native math.js:217",0x34a15724,
code-creation,CallPreMonomorphic,7,0x4d220a80,189,"args_count: 36"
code-creation,CallInitialize,7,0x4d220b40,180,"args_count: 7"
code-creation,CallInitialize,7,0x4d220c00,180,"args_count: 14"
code-creation,CallInitialize,7,0x4d220cc0,180,"args_count: 5"
code-creation,CallInitialize,7,0x4d220d80,189,"args_count: 32"
code-creation,Stub,2,0x4d220e40,190,"FastCloneShallowArrayStub"
code-creation,Script,0,0x4d220f00,1664,"native messages.js",0x34a18930,
code-creation,LazyCompile,0,0x4d221580,216," native messages.js:266",0x34a18884,
code-creation,LazyCompile,0,0x4d221580,216," native messages.js:266",0x34a18884,
code-creation,CallPreMonomorphic,7,0x4d221660,180,"args_count: 7"
code-creation,CallPreMonomorphic,7,0x4d221720,180,"args_count: 14"
code-creation,CallPreMonomorphic,7,0x4d2217e0,180,"args_count: 5"
code-creation,CallPreMonomorphic,7,0x4d2218a0,189,"args_count: 32"
code-creation,Stub,2,0x4d221960,243,"CallFunctionStub_Args1_Recording"
code-creation,LazyCompile,0,0x4d221a60,460,"SetUpError native messages.js:1106",0x34a1848c,
code-creation,Stub,2,0x4d221c40,1420,"RecordWriteStub"
code-creation,LazyCompile,0,0x4d2221e0,692,"SetUpError.a native messages.js:1109",0x34a19430,
code-creation,Stub,2,0x4d2224a0,1247,"StringAddStub"
code-creation,Stub,12,0x4d222980,124,"BinaryOpStub_ADD_Alloc_String+String"
code-creation,Stub,13,0x4d222a00,141,"CompareICStub"
code-creation,LazyCompile,0,0x4d222aa0,164,"d native messages.js:1125",0x34a197dc,
code-creation,LazyCompile,0,0x4d222b60,360," native messages.js:1135",0x34a19844,
code-creation,LazyCompile,0,0x4d222b60,360," native messages.js:1135",0x34a19844,
code-creation,LoadIC,5,0x4d222ce0,102,"global"
code-creation,LoadIC,5,0x4d222ce0,102,"global"
code-creation,LoadIC,5,0x4d222d60,102,"builtins"
code-creation,LoadIC,5,0x4d222d60,102,"builtins"
code-creation,Stub,2,0x4d222de0,163,"FastNewContextStub"
code-creation,LazyCompile,0,0x4d222ea0,516,"captureStackTrace native messages.js:1079",0x34a18424,
code-creation,Stub,14,0x4d2230c0,101,"ToBooleanStub_Undefined"
code-creation,LazyCompile,0,0x4d222b60,360," native messages.js:1135",0x34a19844,
code-creation,LoadIC,5,0x4d223140,102,"$Error"
code-creation,LoadIC,5,0x4d223140,102,"$Error"
code-creation,CallMiss,7,0x4d2231c0,180,"args_count: 2"
code-creation,CallIC,7,0x4d223280,131,"captureStackTrace"
code-creation,LoadIC,5,0x4d223320,133,""
code-creation,LoadIC,5,0x4d223320,133,""
code-creation,LazyCompile,0,0x4d222b60,360," native messages.js:1135",0x34a19844,
code-creation,LazyCompile,0,0x4d222b60,360," native messages.js:1135",0x34a19844,
code-creation,LazyCompile,0,0x4d222b60,360," native messages.js:1135",0x34a19844,
code-creation,LazyCompile,0,0x4d222b60,360," native messages.js:1135",0x34a19844,
code-creation,LazyCompile,0,0x4d222b60,360," native messages.js:1135",0x34a19844,
code-creation,LazyCompile,0,0x4d2233c0,292,"SetUpStackOverflowBoilerplate native messages.js:1234",0x34a1862c,
code-creation,LazyCompile,0,0x4d223500,200,"MakeRangeError native messages.js:307",0x34a173e4,
code-creation,LazyCompile,0,0x4d2235e0,268,"MakeGenericError native messages.js:254",0x34a171dc,
code-creation,LazyCompile,0,0x4d223700,268,"FormatMessage native messages.js:273",0x34a17244,
code-creation,Stub,12,0x4d223820,88,"BinaryOpStub_SHR_OverwriteLeft_Uninitialized+Uninitialized"
code-creation,LazyCompile,0,0x4d223880,1432,"FormatString native messages.js:159",0x34a16fd4,
code-creation,LazyCompile,0,0x4d223e20,420,"ToString native runtime.js:550",0x34a0b2a0,
code-creation,LoadIC,5,0x4d223fe0,133,""
code-creation,LoadIC,5,0x4d223fe0,133,""
code-creation,Script,0,0x4d224080,268,"native apinatives.js",0x34a19f48,
code-creation,Stub,2,0x4d2241a0,185,"FastCloneShallowObjectStub"
code-creation,Script,0,0x4d224260,728,"native date.js",0x34a1bf80,
code-creation,StoreIC,9,0x4d224540,140,"time"
code-creation,StoreIC,9,0x4d224540,140,"time"
code-creation,CallInitialize,7,0x4d2245e0,178,"args_count: 0"
code-creation,Stub,13,0x4d2246a0,104,"CompareICStub"
code-creation,LazyCompile,0,0x4d224720,1392," native date.js:145",0x34a1bedc,
code-creation,LazyCompile,0,0x4d224720,1392," native date.js:145",0x34a1bedc,
code-creation,CallInitialize,7,0x4d224ca0,189,"args_count: 92"
code-creation,LazyCompile,0,0x4d224d60,1276,"SetUpDate native date.js:768",0x34a1bc0c,
code-creation,CallPreMonomorphic,7,0x4d225260,189,"args_count: 92"
code-creation,Script,0,0x4d225320,264,"native json.js",0x34a1ce60,
code-creation,LazyCompile,0,0x4d225440,260,"SetUpJSON native json.js:210",0x34a1cd14,
code-creation,Script,0,0x4d225560,404,"native regexp.js",0x34a1d8d0,
code-creation,CallInitialize,7,0x4d225700,180,"args_count: 8"
code-creation,LazyCompile,0,0x4d2257c0,1560,"SetUpRegExp native regexp.js:404",0x34a1d77c,
code-creation,LazyCompile,0,0x4d225de0,324,"RegExpConstructor native regexp.js:86",0x34a1d1cc,
code-creation,LazyCompile,0,0x4d225de0,324,"RegExpConstructor native regexp.js:86",0x34a1d1cc,
code-creation,CallPreMonomorphic,7,0x4d225f40,180,"args_count: 8"
code-creation,Stub,2,0x4d226000,1446,"StringAddStub"
code-creation,Stub,2,0x4d2265c0,1443,"StringAddStub"
code-creation,Stub,12,0x4d226b80,133,"BinaryOpStub_ADD_Alloc_String+SMI"
code-creation,CallPreMonomorphic,7,0x4d226c20,178,"args_count: 2"
code-creation,LazyCompile,0,0x4d226ce0,460,"ToPrimitive native runtime.js:506",0x34a0b100,
code-creation,LazyCompile,0,0x4d226ec0,224,"RegExpMakeCaptureGetter native regexp.js:364",0x34a1d714,
code-creation,LoadIC,5,0x4d226fa0,102,"$RegExp"
code-creation,LoadIC,5,0x4d226fa0,102,"$RegExp"
code-creation,Stub,13,0x4d227020,507,"CompareICStub"
code-creation,CallMiss,7,0x4d227220,180,"args_count: 1"
code-creation,CallIC,7,0x4d2272e0,131,"RegExpMakeCaptureGetter"
snapshot-code-name,4220,"Stub:RecordWriteStub"
snapshot-code-name,4933,"Stub:StoreBufferOverflowStub"
snapshot-code-name,5102,"Stub:CompareICStub"
snapshot-code-name,5259,"Stub:CEntryStub"
snapshot-code-name,6079,"Stub:FastCloneShallowArrayStub"
snapshot-code-name,6513,"Stub:FastCloneShallowArrayStub"
snapshot-code-name,6987,"Stub:ToBooleanStub_Undefined"
snapshot-code-name,7156,"Stub:ToNumberStub"
snapshot-code-name,7320,"Stub:RecordWriteStub"
snapshot-code-name,8981,"Stub:ToBooleanStub_None"
snapshot-code-name,9120,"Stub:RecordWriteStub"
snapshot-code-name,10782,"Stub:CompareICStub"
snapshot-code-name,11358,"Stub:RecordWriteStub"
snapshot-code-name,13055,"Stub:RecordWriteStub"
snapshot-code-name,14749,"Stub:RecordWriteStub"
snapshot-code-name,16414,"Stub:RecordWriteStub"
snapshot-code-name,17127,"Stub:CompareICStub"
snapshot-code-name,17296,"Stub:NumberToStringStub"
snapshot-code-name,17573,"Stub:StringAddStub"
snapshot-code-name,19240,"Stub:BinaryOpStub_ADD_OverwriteLeft_SMI+SMI"
snapshot-code-name,19411,"Stub:RecordWriteStub"
snapshot-code-name,21077,"Stub:StoreArrayLiteralElementStub"
snapshot-code-name,21386,"Stub:StoreBufferOverflowStub"
snapshot-code-name,21657,"Stub:CompareICStub"
snapshot-code-name,21831,"Stub:StringAddStub"
snapshot-code-name,23264,"Stub:BinaryOpStub_SUB_Alloc_Uninitialized+Uninitialized"
snapshot-code-name,23403,"Stub:RecordWriteStub"
snapshot-code-name,25096,"Stub:CompareICStub"
snapshot-code-name,25269,"Stub:CallFunctionStub_Args3_Recording"
snapshot-code-name,25557,"Builtin:ArgumentsAdaptorTrampoline"
snapshot-code-name,25796,"Stub:CompareICStub"
snapshot-code-name,25969,"Stub:FastNewContextStub"
snapshot-code-name,26187,"Stub:CompareICStub"
snapshot-code-name,26360,"Stub:RecordWriteStub"
snapshot-code-name,28036,"Stub:CompareICStub"
snapshot-code-name,28241,"Stub:FastNewContextStub"
snapshot-code-name,28497,"Stub:InterruptStub"
snapshot-code-name,28633,"Stub:ArgumentsAccessStub_NewNonStrictFast"
snapshot-code-name,29084,"Stub:BinaryOpStub_ADD_Alloc_String+SMI"
snapshot-code-name,29273,"Stub:StringAddStub"
snapshot-code-name,30951,"Stub:StackCheckStub"
snapshot-code-name,31086,"Stub:FastCloneShallowArrayStub"
snapshot-code-name,31337,"Stub:CompareICStub"
snapshot-code-name,31507,"Stub:CallFunctionStub_Args2_Recording"
snapshot-code-name,31818,"Stub:FastCloneShallowObjectStub"
snapshot-code-name,32061,"Stub:ToBooleanStub_SpecObject"
snapshot-code-name,32232,"Stub:BinaryOpStub_ADD_Alloc_SMI+SMI"
snapshot-code-name,32402,"Stub:CallConstructStub_Recording"
snapshot-code-name,32644,"Stub:CEntryStub"
snapshot-code-name,33629,"Stub:KeyedLoadElementStub"
snapshot-code-name,33883,"Stub:ToBooleanStub_Bool"
snapshot-code-name,34062,"Stub:StringDictionaryLookupStub"
snapshot-code-name,34906,"Stub:FastCloneShallowArrayStub"
snapshot-code-name,35150,"Stub:RecordWriteStub"
snapshot-code-name,36814,"Stub:BinaryOpStub_ADD_OverwriteLeft_Uninitialized+Uninitialized"
snapshot-code-name,36953,"Stub:CallFunctionStub_Args1_Recording"
snapshot-code-name,37265,"Stub:RecordWriteStub"
snapshot-code-name,37975,"Stub:CompareICStub"
snapshot-code-name,38145,"Stub:CompareICStub"
snapshot-code-name,38317,"Stub:FastCloneShallowObjectStub"
snapshot-code-name,38579,"Stub:BinaryOpStub_SHR_OverwriteLeft_Uninitialized+Uninitialized"
snapshot-code-name,38717,"Stub:RecordWriteStub"
snapshot-code-name,40378,"Stub:StringCompareStub"
snapshot-code-name,40650,"Stub:RecordWriteStub"
snapshot-code-name,42316,"Stub:StringAddStub"
snapshot-code-name,43811,"Stub:FastCloneShallowArrayStub"
snapshot-code-name,44283,"Stub:BinaryOpStub_SAR_Alloc_Uninitialized+Uninitialized"
snapshot-code-name,44420,"Stub:BinaryOpStub_SAR_Alloc_SMI+SMI"
snapshot-code-name,44591,"Stub:BinaryOpStub_ADD_Alloc_Uninitialized+Uninitialized"
snapshot-code-name,44729,"Stub:RecordWriteStub"
snapshot-code-name,46391,"Stub:FastNewClosureStub"
snapshot-code-name,46758,"Stub:RecordWriteStub"
snapshot-code-name,48480,"Stub:RecordWriteStub"
snapshot-code-name,50145,"Stub:JSEntryStub"
snapshot-code-name,50490,"Stub:JSConstructEntryStub"
snapshot-code-name,50836,"Stub:RecordWriteStub"
snapshot-code-name,51547,"Stub:StringDictionaryLookupStub"
snapshot-code-name,52394,"Stub:BinaryOpStub_ADD_Alloc_String+String"
snapshot-code-name,52569,"Stub:StringDictionaryLookupStub"
snapshot-code-name,53413,"Stub:CallConstructStub"
snapshot-code-name,53608,"Stub:ArgumentsAccessStub_ReadElement"
snapshot-code-name,53832,"CallMiss:1"
snapshot-code-name,54075,"CallInitialize:4"
snapshot-code-name,54318,"CallInitialize:28"
snapshot-code-name,54561,"CallInitialize:14"
snapshot-code-name,54804,"CallInitialize:1"
snapshot-code-name,55050,"CallPreMonomorphic:2"
snapshot-code-name,55293,"CallPreMonomorphic:36"
snapshot-code-name,55536,"CallInitialize:7"
snapshot-code-name,55782,"CallPreMonomorphic:92"
snapshot-code-name,56029,"CallPreMonomorphic:0"
snapshot-code-name,56275,"CallInitialize:3"
snapshot-code-name,56521,"CallInitialize:38"
snapshot-code-name,56767,"CallMiss:2"
snapshot-code-name,57013,"CallInitialize:6"
snapshot-code-name,57256,"CallPreMonomorphic:6"
snapshot-code-name,57502,"CallPreMonomorphic:12"
snapshot-code-name,57749,"CallPreMonomorphic:8"
snapshot-code-name,57996,"CallInitialize:20"
snapshot-code-name,58242,"CallPreMonomorphic:38"
snapshot-code-name,58485,"CallPreMonomorphic:14"
snapshot-code-name,58731,"CallPreMonomorphic:1"
snapshot-code-name,58974,"CallPreMonomorphic:42"
snapshot-code-name,59220,"CallInitialize:92"
snapshot-code-name,59466,"CallInitialize:12"
snapshot-code-name,59709,"CallPreMonomorphic:3"
snapshot-code-name,59952,"CallPreMonomorphic:32"
snapshot-code-name,60199,"CallPreMonomorphic:28"
snapshot-code-name,60442,"CallMiss:1"
snapshot-code-name,60689,"CallPreMonomorphic:1"
snapshot-code-name,60932,"CallPreMonomorphic:5"
snapshot-code-name,61178,"CallInitialize:0"
snapshot-code-name,61421,"CallInitialize:42"
snapshot-code-name,61667,"CallPreMonomorphic:4"
snapshot-code-name,61910,"CallPreMonomorphic:20"
snapshot-code-name,62153,"CallInitialize:0"
snapshot-code-name,62396,"CallPreMonomorphic:2"
snapshot-code-name,62639,"CallPreMonomorphic:7"
snapshot-code-name,62886,"CallInitialize:8"
snapshot-code-name,63129,"CallInitialize:2"
snapshot-code-name,63375,"CallInitialize:1"
snapshot-code-name,63618,"CallInitialize:70"
snapshot-code-name,63861,"CallInitialize:5"
snapshot-code-name,64107,"CallInitialize:32"
snapshot-code-name,64353,"CallInitialize:10"
snapshot-code-name,64596,"CallInitialize:2"
snapshot-code-name,64839,"CallPreMonomorphic:70"
snapshot-code-name,65082,"CallInitialize:36"
snapshot-code-name,65328,"CallPreMonomorphic:10"
snapshot-code-name,84356,"Builtin:Return_DebugBreak"
snapshot-code-name,84524,"Builtin:Slot_DebugBreak"
snapshot-code-name,84748,"Builtin:EmptyFunction"
snapshot-code-name,84881,"Builtin:JSConstructStubGeneric"
snapshot-code-name,85570,"Script:native v8natives.js"
snapshot-code-name,87826,"LazyCompile:InstallFunctions native v8natives.js:48"
snapshot-code-name,88599,"Builtin:LoadIC_Initialize"
snapshot-code-name,88752,"Builtin:KeyedLoadIC_Initialize"
snapshot-code-name,96212,"Builtin:LazyCompile"
snapshot-code-name,96484,"LazyCompile:SetUpLockedPrototype native v8natives.js:77"
snapshot-code-name,97766,"Builtin:StoreIC_Initialize"
snapshot-code-name,98671,"LazyCompile:SetUpGlobal native v8natives.js:187"
snapshot-code-name,100086,"LazyCompile:hasOwnProperty native v8natives.js:259"
snapshot-code-name,106295,"LazyCompile:SetUpObject native v8natives.js:1315"
snapshot-code-name,108160,"LazyCompile:SetUpBoolean native v8natives.js:1380"
snapshot-code-name,109641,"LazyCompile:SetUpNumber native v8natives.js:1540"
snapshot-code-name,111863,"LazyCompile:NewFunction native v8natives.js:1691"
snapshot-code-name,113185,"Builtin:KeyedStoreIC_Initialize"
snapshot-code-name,113858,"LazyCompile:SetUpFunction native v8natives.js:1719"
snapshot-code-name,114550,"LazyCompile: native v8natives.js:215"
snapshot-code-name,118212,"LazyCompile: native v8natives.js:1300"
snapshot-code-name,118915,"LazyCompile: native v8natives.js:1395"
snapshot-code-name,119793,"Script:native apinatives.js"
snapshot-code-name,120968,"Script:native string.js"
snapshot-code-name,131443,"LazyCompile:SetUpString native string.js:958"
snapshot-code-name,133603,"LazyCompile: native string.js:36"
snapshot-code-name,135013,"Script:native array.js"
snapshot-code-name,145571,"LazyCompile:SetUpArray native array.js:1498"
snapshot-code-name,148591,"LazyCompile:SetUpArray.b native array.js:1511"
snapshot-code-name,150282,"Script:native messages.js"
snapshot-code-name,152753,"LazyCompile:FormatString native messages.js:159"
snapshot-code-name,160549,"LazyCompile:MakeGenericError native messages.js:254"
snapshot-code-name,161133,"LazyCompile:FormatMessage native messages.js:273"
snapshot-code-name,162058,"LazyCompile:MakeRangeError native messages.js:307"
snapshot-code-name,167299,"LazyCompile:captureStackTrace native messages.js:1079"
snapshot-code-name,168526,"LazyCompile:SetUpError native messages.js:1106"
snapshot-code-name,169226,"LazyCompile:SetUpError.a native messages.js:1109"
snapshot-code-name,170309,"LazyCompile:d native messages.js:1125"
snapshot-code-name,170834,"LazyCompile: native messages.js:1135"
snapshot-code-name,173093,"LazyCompile:SetUpStackOverflowBoilerplate native messages.js:1234"
snapshot-code-name,188642,"LazyCompile: native messages.js:266"
snapshot-code-name,190769,"Script:native runtime.js"
snapshot-code-name,191697,"LazyCompile:EQUALS native runtime.js:54"
snapshot-code-name,196924,"LazyCompile:STRICT_EQUALS native runtime.js:100"
snapshot-code-name,197578,"LazyCompile:COMPARE native runtime.js:120"
snapshot-code-name,198965,"LazyCompile:ADD native runtime.js:163"
snapshot-code-name,199975,"LazyCompile:STRING_ADD_LEFT native runtime.js:183"
snapshot-code-name,200874,"LazyCompile:STRING_ADD_RIGHT native runtime.js:198"
snapshot-code-name,201805,"LazyCompile:SUB native runtime.js:214"
snapshot-code-name,202422,"LazyCompile:MUL native runtime.js:222"
snapshot-code-name,203008,"LazyCompile:DIV native runtime.js:230"
snapshot-code-name,203594,"LazyCompile:MOD native runtime.js:238"
snapshot-code-name,204186,"LazyCompile:BIT_OR native runtime.js:252"
snapshot-code-name,204778,"LazyCompile:BIT_AND native runtime.js:260"
snapshot-code-name,205476,"LazyCompile:BIT_XOR native runtime.js:282"
snapshot-code-name,206072,"LazyCompile:UNARY_MINUS native runtime.js:290"
snapshot-code-name,206575,"LazyCompile:BIT_NOT native runtime.js:297"
snapshot-code-name,207074,"LazyCompile:SHL native runtime.js:304"
snapshot-code-name,207662,"LazyCompile:SAR native runtime.js:312"
snapshot-code-name,208356,"LazyCompile:SHR native runtime.js:334"
snapshot-code-name,208948,"LazyCompile:DELETE native runtime.js:348"
snapshot-code-name,209454,"LazyCompile:IN native runtime.js:354"
snapshot-code-name,210187,"LazyCompile:INSTANCE_OF native runtime.js:367"
snapshot-code-name,211353,"LazyCompile:FILTER_KEY native runtime.js:398"
snapshot-code-name,211874,"LazyCompile:CALL_NON_FUNCTION native runtime.js:405"
snapshot-code-name,212632,"LazyCompile:CALL_NON_FUNCTION_AS_CONSTRUCTOR native runtime.js:414"
snapshot-code-name,213378,"LazyCompile:CALL_FUNCTION_PROXY native runtime.js:423"
snapshot-code-name,213975,"LazyCompile:CALL_FUNCTION_PROXY_AS_CONSTRUCTOR native runtime.js:431"
snapshot-code-name,214528,"LazyCompile:APPLY_PREPARE native runtime.js:438"
snapshot-code-name,216162,"LazyCompile:APPLY_OVERFLOW native runtime.js:476"
snapshot-code-name,216652,"LazyCompile:TO_OBJECT native runtime.js:482"
snapshot-code-name,217061,"LazyCompile:TO_NUMBER native runtime.js:488"
snapshot-code-name,217470,"LazyCompile:TO_STRING native runtime.js:494"
snapshot-code-name,217861,"LazyCompile:ToPrimitive native runtime.js:506"
snapshot-code-name,218697,"LazyCompile:ToBoolean native runtime.js:517"
snapshot-code-name,219450,"LazyCompile:ToNumber native runtime.js:527"
snapshot-code-name,220327,"LazyCompile:ToString native runtime.js:550"
snapshot-code-name,222346,"Script:native math.js"
snapshot-code-name,223090,"LazyCompile:MathConstructor native math.js:37"
snapshot-code-name,226924,"LazyCompile:SetUpMath native math.js:217"
snapshot-code-name,229412,"Script:native json.js"
snapshot-code-name,231527,"LazyCompile:SetUpJSON native json.js:210"
snapshot-code-name,232429,"Script:native uri.js"
snapshot-code-name,236847,"LazyCompile:SetUpUri native uri.js:438"
snapshot-code-name,237774,"Script:native date.js"
snapshot-code-name,250600,"LazyCompile:SetUpDate native date.js:768"
snapshot-code-name,253425,"LazyCompile: native date.js:145"
snapshot-code-name,256903,"Script:native regexp.js"
snapshot-code-name,259705,"LazyCompile:RegExpConstructor native regexp.js:86"
snapshot-code-name,261720,"LazyCompile:RegExpMakeCaptureGetter native regexp.js:364"
snapshot-code-name,262339,"LazyCompile:SetUpRegExp native regexp.js:404"
snapshot-code-name,266464,"Builtin:Illegal"
snapshot-code-name,266594,"Builtin:InternalArrayCodeGeneric"
snapshot-code-name,266721,"Builtin:ArrayCodeGeneric"
snapshot-code-name,266848,"Builtin:ArrayPush"
snapshot-code-name,266975,"Builtin:ArrayPop"
snapshot-code-name,267102,"Builtin:ArrayShift"
snapshot-code-name,267229,"Builtin:ArrayUnshift"
snapshot-code-name,267356,"Builtin:ArraySlice"
snapshot-code-name,267483,"Builtin:ArraySplice"
snapshot-code-name,267610,"Builtin:ArrayConcat"
snapshot-code-name,267737,"Builtin:HandleApiCall"
snapshot-code-name,267864,"Builtin:HandleApiCallConstruct"
snapshot-code-name,267991,"Builtin:HandleApiCallAsFunction"
snapshot-code-name,268118,"Builtin:HandleApiCallAsConstructor"
snapshot-code-name,268245,"Builtin:StrictModePoisonPill"
snapshot-code-name,268376,"Builtin:InRecompileQueue"
snapshot-code-name,268491,"Builtin:JSConstructStubCountdown"
snapshot-code-name,269117,"Builtin:JSConstructStubApi"
snapshot-code-name,269621,"Builtin:JSEntryTrampoline"
snapshot-code-name,269811,"Builtin:JSConstructEntryTrampoline"
snapshot-code-name,269970,"Builtin:LazyRecompile"
snapshot-code-name,270132,"Builtin:ParallelRecompile"
snapshot-code-name,270294,"Builtin:NotifyDeoptimized"
snapshot-code-name,270502,"Builtin:NotifyLazyDeoptimized"
snapshot-code-name,270710,"Builtin:NotifyICMiss"
snapshot-code-name,270840,"Builtin:NotifyOSR"
snapshot-code-name,270970,"Builtin:LoadIC_Miss"
snapshot-code-name,271097,"Builtin:KeyedLoadIC_Miss"
snapshot-code-name,271224,"Builtin:KeyedLoadIC_MissForceGeneric"
snapshot-code-name,271351,"Builtin:KeyedLoadIC_Slow"
snapshot-code-name,271478,"Builtin:StoreIC_Miss"
snapshot-code-name,271605,"Builtin:KeyedStoreIC_Miss"
snapshot-code-name,271732,"Builtin:KeyedStoreIC_MissForceGeneric"
snapshot-code-name,271859,"Builtin:KeyedStoreIC_Slow"
snapshot-code-name,271989,"Builtin:LoadIC_PreMonomorphic"
snapshot-code-name,272117,"Builtin:LoadIC_Normal"
snapshot-code-name,272484,"Builtin:LoadIC_ArrayLength"
snapshot-code-name,272606,"Builtin:LoadIC_StringLength"
snapshot-code-name,272760,"Builtin:LoadIC_StringWrapperLength"
snapshot-code-name,272946,"Builtin:LoadIC_FunctionPrototype"
snapshot-code-name,273135,"Builtin:LoadIC_Megamorphic"
snapshot-code-name,273502,"Builtin:LoadIC_Getter_ForDeopt"
snapshot-code-name,273625,"Builtin:KeyedLoadIC_PreMonomorphic"
snapshot-code-name,273753,"Builtin:KeyedLoadIC_Generic"
snapshot-code-name,274770,"Builtin:KeyedLoadIC_String"
snapshot-code-name,275439,"Builtin:KeyedLoadIC_IndexedInterceptor"
snapshot-code-name,275645,"Builtin:KeyedLoadIC_NonStrictArguments"
snapshot-code-name,275919,"Builtin:StoreIC_ArrayLength"
snapshot-code-name,276160,"Builtin:StoreIC_Normal"
snapshot-code-name,276598,"Builtin:StoreIC_Megamorphic"
snapshot-code-name,277006,"Builtin:StoreIC_GlobalProxy"
snapshot-code-name,277133,"Builtin:StoreIC_Initialize_Strict"
snapshot-code-name,277260,"Builtin:StoreIC_ArrayLength_Strict"
snapshot-code-name,277501,"Builtin:StoreIC_Normal_Strict"
snapshot-code-name,277940,"Builtin:StoreIC_Megamorphic_Strict"
snapshot-code-name,278348,"Builtin:StoreIC_GlobalProxy_Strict"
snapshot-code-name,278475,"Builtin:StoreIC_Setter_ForDeopt"
snapshot-code-name,278599,"Builtin:KeyedStoreIC_Generic"
snapshot-code-name,280873,"Builtin:KeyedStoreIC_Initialize_Strict"
snapshot-code-name,281001,"Builtin:KeyedStoreIC_Generic_Strict"
snapshot-code-name,283276,"Builtin:KeyedStoreIC_NonStrictArguments"
snapshot-code-name,283620,"Builtin:TransitionElementsSmiToDouble"
snapshot-code-name,284015,"Builtin:TransitionElementsDoubleToObject"
snapshot-code-name,284529,"Builtin:FunctionCall"
snapshot-code-name,284970,"Builtin:FunctionApply"
snapshot-code-name,285447,"Builtin:InternalArrayCode"
snapshot-code-name,286154,"Builtin:ArrayCode"
snapshot-code-name,286861,"Builtin:ArrayConstructCode"
snapshot-code-name,287566,"Builtin:StringConstructCode"
snapshot-code-name,288026,"Builtin:OnStackReplacement"
snapshot-code-name,288642,"Builtin:MakeQuadragenarianCodeYoungAgainOddMarking"
snapshot-code-name,288795,"Builtin:MakeQuadragenarianCodeYoungAgainEvenMarking"
snapshot-code-name,288948,"Builtin:MakeQuinquagenarianCodeYoungAgainOddMarking"
snapshot-code-name,289101,"Builtin:MakeQuinquagenarianCodeYoungAgainEvenMarking"
snapshot-code-name,289254,"Builtin:MakeSexagenarianCodeYoungAgainOddMarking"
snapshot-code-name,289407,"Builtin:MakeSexagenarianCodeYoungAgainEvenMarking"
snapshot-code-name,289560,"Builtin:MakeSeptuagenarianCodeYoungAgainOddMarking"
snapshot-code-name,289713,"Builtin:MakeSeptuagenarianCodeYoungAgainEvenMarking"
snapshot-code-name,289866,"Builtin:MakeOctogenarianCodeYoungAgainOddMarking"
snapshot-code-name,290019,"Builtin:MakeOctogenarianCodeYoungAgainEvenMarking"
snapshot-code-name,290175,"Builtin:CallFunctionStub_DebugBreak"
snapshot-code-name,290344,"Builtin:CallFunctionStub_Recording_DebugBreak"
snapshot-code-name,290513,"Builtin:CallConstructStub_DebugBreak"
snapshot-code-name,290682,"Builtin:CallConstructStub_Recording_DebugBreak"
snapshot-code-name,290851,"Builtin:LoadIC_DebugBreak"
snapshot-code-name,291020,"Builtin:KeyedLoadIC_DebugBreak"
snapshot-code-name,291189,"Builtin:StoreIC_DebugBreak"
snapshot-code-name,291358,"Builtin:KeyedStoreIC_DebugBreak"
snapshot-code-name,291531,"Builtin:PlainReturn_LiveEdit"
snapshot-code-name,291645,"Builtin:FrameDropper_LiveEdit"
